<?xml version="1.0" encoding="UTF-8"?>
<!-- Generated by org.testng.reporters.JUnitReportReporter -->
<testsuite skipped="4" hostname="DESKTOP-B75F35K" name="smokeTest.ValidateSmokeTest" tests="27" failures="0" timestamp="20 Dec 2018 14:05:40 GMT" time="222.070" errors="0">
  <testcase name="ValidateLogin" time="21.629" classname="smokeTest.ValidateSmokeTest"/>
  <testcase name="ValidateMarkITPlacePage" time="3.251" classname="smokeTest.ValidateSmokeTest"/>
  <testcase name="ValidateManageTab" time="4.681" classname="smokeTest.ValidateSmokeTest"/>
  <testcase name="ValidateInsightTab" time="4.331" classname="smokeTest.ValidateSmokeTest"/>
  <testcase name="ValidateNotificationPage" time="9.847" classname="smokeTest.ValidateSmokeTest"/>
  <testcase name="ValidateLogo" time="3.084" classname="smokeTest.ValidateSmokeTest"/>
  <testcase name="ValidateMyProfile" time="11.510" classname="smokeTest.ValidateSmokeTest"/>
  <testcase name="ValidateEditProfile" time="10.164" classname="smokeTest.ValidateSmokeTest"/>
  <testcase name="ValidateChangePassword" time="11.659" classname="smokeTest.ValidateSmokeTest"/>
  <testcase name="ValidateCatalogRestriction" time="9.107" classname="smokeTest.ValidateSmokeTest"/>
  <testcase name="ValidateDomainLink" time="6.926" classname="smokeTest.ValidateSmokeTest"/>
  <testcase name="ValidateAddressPage" time="17.048" classname="smokeTest.ValidateSmokeTest"/>
  <testcase name="ValidateUsersPage" time="16.737" classname="smokeTest.ValidateSmokeTest"/>
  <testcase name="ValidateRequestTab" time="2.256" classname="smokeTest.ValidateSmokeTest"/>
  <testcase name="ValidateInviteTab" time="2.184" classname="smokeTest.ValidateSmokeTest"/>
  <testcase name="ValidateLogout" time="5.105" classname="smokeTest.ValidateSmokeTest"/>
  <testcase name="ValidateForgetPswd" time="9.736" classname="smokeTest.ValidateSmokeTest"/>
  <testcase name="ValidateRegPage" time="8.351" classname="smokeTest.ValidateSmokeTest"/>
  <testcase name="ValidateManagementLogin" time="20.164" classname="smokeTest.ValidateSmokeTest"/>
  <testcase name="ValidateMngmntUsersTab" time="13.824" classname="smokeTest.ValidateSmokeTest"/>
  <testcase name="ValidateMngmntRolesTab" time="9.350" classname="smokeTest.ValidateSmokeTest"/>
  <testcase name="ValidateMngmntAddRolesBtn" time="9.456" classname="smokeTest.ValidateSmokeTest"/>
  <testcase name="ValidateMngmntEditRolesBtn" time="11.670" classname="smokeTest.ValidateSmokeTest"/>
  <testcase name="ValidateAccountSettings" classname="smokeTest.ValidateSmokeTest">
    <skipped/>
  </testcase> <!-- ValidateAccountSettings -->
  <testcase name="ValidateSetNotifications" classname="smokeTest.ValidateSmokeTest">
    <skipped/>
  </testcase> <!-- ValidateSetNotifications -->
  <testcase name="ValidateLoginUser" classname="smokeTest.ValidateSmokeTest">
    <skipped/>
  </testcase> <!-- ValidateLoginUser -->
  <testcase name="ValidateMyAccountList" classname="smokeTest.ValidateSmokeTest">
    <skipped/>
  </testcase> <!-- ValidateMyAccountList -->
</testsuite> <!-- smokeTest.ValidateSmokeTest -->
