<?xml version="1.0" encoding="UTF-8"?>
<!-- Generated by org.testng.reporters.JUnitReportReporter -->
<testsuite skipped="3" hostname="DESKTOP-B75F35K" name="smokeTest.ValidateSmokeTest" tests="22" failures="0" timestamp="15 Nov 2018 06:54:31 GMT" time="278.123" errors="0">
  <testcase name="ValidateLogin" time="43.038" classname="smokeTest.ValidateSmokeTest"/>
  <testcase name="ValidateMarkITPlacePage" time="3.502" classname="smokeTest.ValidateSmokeTest"/>
  <testcase name="ValidateManageTab" time="9.429" classname="smokeTest.ValidateSmokeTest"/>
  <testcase name="ValidateInsightTab" time="4.015" classname="smokeTest.ValidateSmokeTest"/>
  <testcase name="ValidateNotificationPage" time="16.257" classname="smokeTest.ValidateSmokeTest"/>
  <testcase name="ValidateLogo" time="3.177" classname="smokeTest.ValidateSmokeTest"/>
  <testcase name="ValidateMyProfile" time="22.071" classname="smokeTest.ValidateSmokeTest"/>
  <testcase name="ValidateEditProfile" time="21.828" classname="smokeTest.ValidateSmokeTest"/>
  <testcase name="ValidateChangePassword" time="21.561" classname="smokeTest.ValidateSmokeTest"/>
  <testcase name="ValidateAccountSettings" time="14.702" classname="smokeTest.ValidateSmokeTest"/>
  <testcase name="ValidateCatalogRestriction" time="13.223" classname="smokeTest.ValidateSmokeTest"/>
  <testcase name="ValidateDomainLink" time="18.778" classname="smokeTest.ValidateSmokeTest"/>
  <testcase name="ValidateAddressPage" time="28.495" classname="smokeTest.ValidateSmokeTest"/>
  <testcase name="ValidateUsersPage" time="22.442" classname="smokeTest.ValidateSmokeTest"/>
  <testcase name="ValidateRequestTab" time="2.232" classname="smokeTest.ValidateSmokeTest"/>
  <testcase name="ValidateInviteTab" time="2.240" classname="smokeTest.ValidateSmokeTest"/>
  <testcase name="ValidateLogout" time="4.992" classname="smokeTest.ValidateSmokeTest"/>
  <testcase name="ValidateForgetPswd" time="9.397" classname="smokeTest.ValidateSmokeTest"/>
  <testcase name="ValidateRegPage" time="16.744" classname="smokeTest.ValidateSmokeTest"/>
  <testcase name="ValidateSetNotifications" classname="smokeTest.ValidateSmokeTest">
    <skipped/>
  </testcase> <!-- ValidateSetNotifications -->
  <testcase name="ValidateLoginUser" classname="smokeTest.ValidateSmokeTest">
    <skipped/>
  </testcase> <!-- ValidateLoginUser -->
  <testcase name="ValidateMyAccountList" classname="smokeTest.ValidateSmokeTest">
    <skipped/>
  </testcase> <!-- ValidateMyAccountList -->
</testsuite> <!-- smokeTest.ValidateSmokeTest -->
