<?xml version="1.0" encoding="UTF-8"?>
<!-- Generated by org.testng.reporters.JUnitReportReporter -->
<testsuite skipped="4" hostname="DESKTOP-B75F35K" name="smokeTest.ValidateSmokeTest" tests="22" failures="1" timestamp="19 Nov 2018 05:37:21 GMT" time="255.553" errors="0">
  <testcase name="ValidateLogin" time="44.962" classname="smokeTest.ValidateSmokeTest"/>
  <testcase name="ValidateMarkITPlacePage" time="3.230" classname="smokeTest.ValidateSmokeTest"/>
  <testcase name="ValidateManageTab" time="7.027" classname="smokeTest.ValidateSmokeTest"/>
  <testcase name="ValidateInsightTab" time="3.979" classname="smokeTest.ValidateSmokeTest"/>
  <testcase name="ValidateNotificationPage" time="21.009" classname="smokeTest.ValidateSmokeTest"/>
  <testcase name="ValidateLogo" time="3.361" classname="smokeTest.ValidateSmokeTest"/>
  <testcase name="ValidateMyProfile" time="19.584" classname="smokeTest.ValidateSmokeTest"/>
  <testcase name="ValidateEditProfile" time="17.043" classname="smokeTest.ValidateSmokeTest"/>
  <testcase name="ValidateChangePassword" time="18.161" classname="smokeTest.ValidateSmokeTest"/>
  <testcase name="ValidateCatalogRestriction" time="12.009" classname="smokeTest.ValidateSmokeTest"/>
  <testcase name="ValidateDomainLink" time="12.633" classname="smokeTest.ValidateSmokeTest"/>
  <testcase name="ValidateAddressPage" time="37.783" classname="smokeTest.ValidateSmokeTest">
    <failure type="java.lang.AssertionError" message="Address of Use heading is present on the Address Page expected [true] but found [false]">
      <![CDATA[java.lang.AssertionError: Address of Use heading is present on the Address Page expected [true] but found [false]at org.testng.Assert.fail(Assert.java:96)at org.testng.Assert.failNotEquals(Assert.java:776)at org.testng.Assert.assertEqualsImpl(Assert.java:137)at org.testng.Assert.assertEquals(Assert.java:118)at org.testng.Assert.assertEquals(Assert.java:568)at smokeTest.ValidateSmokeTest.ValidateAddressPage(ValidateSmokeTest.java:773)at sun.reflect.NativeMethodAccessorImpl.invoke0(Native Method)at sun.reflect.NativeMethodAccessorImpl.invoke(Unknown Source)at sun.reflect.DelegatingMethodAccessorImpl.invoke(Unknown Source)at java.lang.reflect.Method.invoke(Unknown Source)at org.testng.internal.MethodInvocationHelper.invokeMethod(MethodInvocationHelper.java:124)at org.testng.internal.Invoker.invokeMethod(Invoker.java:571)at org.testng.internal.Invoker.invokeTestMethod(Invoker.java:707)at org.testng.internal.Invoker.invokeTestMethods(Invoker.java:979)at org.testng.internal.TestMethodWorker.invokeTestMethods(TestMethodWorker.java:125)at org.testng.internal.TestMethodWorker.run(TestMethodWorker.java:109)at org.testng.TestRunner.privateRun(TestRunner.java:648)at org.testng.TestRunner.run(TestRunner.java:505)at org.testng.SuiteRunner.runTest(SuiteRunner.java:455)at org.testng.SuiteRunner.runSequentially(SuiteRunner.java:450)at org.testng.SuiteRunner.privateRun(SuiteRunner.java:415)at org.testng.SuiteRunner.run(SuiteRunner.java:364)at org.testng.SuiteRunnerWorker.runSuite(SuiteRunnerWorker.java:52)at org.testng.SuiteRunnerWorker.run(SuiteRunnerWorker.java:84)at org.testng.TestNG.runSuitesSequentially(TestNG.java:1187)at org.testng.TestNG.runSuitesLocally(TestNG.java:1116)at org.testng.TestNG.runSuites(TestNG.java:1028)at org.testng.TestNG.run(TestNG.java:996)at org.testng.remote.AbstractRemoteTestNG.run(AbstractRemoteTestNG.java:114)at org.testng.remote.RemoteTestNG.initAndRun(RemoteTestNG.java:251)at org.testng.remote.RemoteTestNG.main(RemoteTestNG.java:77)]]>
    </failure>
  </testcase> <!-- ValidateAddressPage -->
  <testcase name="ValidateUsersPage" time="23.670" classname="smokeTest.ValidateSmokeTest"/>
  <testcase name="ValidateRequestTab" time="2.246" classname="smokeTest.ValidateSmokeTest"/>
  <testcase name="ValidateInviteTab" time="2.251" classname="smokeTest.ValidateSmokeTest"/>
  <testcase name="ValidateLogout" time="5.042" classname="smokeTest.ValidateSmokeTest"/>
  <testcase name="ValidateForgetPswd" time="9.564" classname="smokeTest.ValidateSmokeTest"/>
  <testcase name="ValidateRegPage" time="11.999" classname="smokeTest.ValidateSmokeTest"/>
  <testcase name="ValidateAccountSettings" classname="smokeTest.ValidateSmokeTest">
    <skipped/>
  </testcase> <!-- ValidateAccountSettings -->
  <testcase name="ValidateSetNotifications" classname="smokeTest.ValidateSmokeTest">
    <skipped/>
  </testcase> <!-- ValidateSetNotifications -->
  <testcase name="ValidateLoginUser" classname="smokeTest.ValidateSmokeTest">
    <skipped/>
  </testcase> <!-- ValidateLoginUser -->
  <testcase name="ValidateMyAccountList" classname="smokeTest.ValidateSmokeTest">
    <skipped/>
  </testcase> <!-- ValidateMyAccountList -->
</testsuite> <!-- smokeTest.ValidateSmokeTest -->
