<?xml version="1.0" encoding="UTF-8"?>
<!-- Generated by org.testng.reporters.JUnitReportReporter -->
<testsuite skipped="2" hostname="DESKTOP-B75F35K" name="smokeTest.ValidateSmokeTest" tests="22" failures="0" timestamp="02 Nov 2018 07:39:51 GMT" time="284.666" errors="0">
  <testcase name="ValidateLogin" time="45.599" classname="smokeTest.ValidateSmokeTest"/>
  <testcase name="ValidateMarkITPlacePage" time="3.219" classname="smokeTest.ValidateSmokeTest"/>
  <testcase name="ValidateManageTab" time="14.829" classname="smokeTest.ValidateSmokeTest"/>
  <testcase name="ValidateInsightTab" time="4.057" classname="smokeTest.ValidateSmokeTest"/>
  <testcase name="ValidateNotificationPage" time="44.632" classname="smokeTest.ValidateSmokeTest"/>
  <testcase name="ValidateLogo" time="3.276" classname="smokeTest.ValidateSmokeTest"/>
  <testcase name="ValidateMyProfile" time="16.798" classname="smokeTest.ValidateSmokeTest"/>
  <testcase name="ValidateEditProfile" time="14.045" classname="smokeTest.ValidateSmokeTest"/>
  <testcase name="ValidateChangePassword" time="18.653" classname="smokeTest.ValidateSmokeTest"/>
  <testcase name="ValidateAccountSettings" time="11.239" classname="smokeTest.ValidateSmokeTest"/>
  <testcase name="ValidateCatalogRestriction" time="8.526" classname="smokeTest.ValidateSmokeTest"/>
  <testcase name="ValidateDomainLink" time="10.873" classname="smokeTest.ValidateSmokeTest"/>
  <testcase name="ValidateSetNotifications" time="8.429" classname="smokeTest.ValidateSmokeTest"/>
  <testcase name="ValidateAddressPage" time="21.677" classname="smokeTest.ValidateSmokeTest"/>
  <testcase name="ValidateUsersPage" time="24.758" classname="smokeTest.ValidateSmokeTest"/>
  <testcase name="ValidateRequestTab" time="2.256" classname="smokeTest.ValidateSmokeTest"/>
  <testcase name="ValidateInviteTab" time="2.206" classname="smokeTest.ValidateSmokeTest"/>
  <testcase name="ValidateLogout" time="5.026" classname="smokeTest.ValidateSmokeTest"/>
  <testcase name="ValidateForgetPswd" time="9.548" classname="smokeTest.ValidateSmokeTest"/>
  <testcase name="ValidateRegPage" time="15.020" classname="smokeTest.ValidateSmokeTest"/>
  <testcase name="ValidateLoginUser" classname="smokeTest.ValidateSmokeTest">
    <skipped/>
  </testcase> <!-- ValidateLoginUser -->
  <testcase name="ValidateMyAccountList" classname="smokeTest.ValidateSmokeTest">
    <skipped/>
  </testcase> <!-- ValidateMyAccountList -->
</testsuite> <!-- smokeTest.ValidateSmokeTest -->
