<?xml version="1.0" encoding="UTF-8"?>
<!-- Generated by org.testng.reporters.JUnitReportReporter -->
<testsuite skipped="21" hostname="DESKTOP-B75F35K" name="smokeTest.ValidateSmokeTest" tests="24" failures="0" timestamp="03 Dec 2018 16:05:10 GMT" time="150.769" errors="0">
  <testcase name="ValidateLogin" time="80.869" classname="smokeTest.ValidateSmokeTest"/>
  <testcase name="ValidateManagementLogin" time="44.468" classname="smokeTest.ValidateSmokeTest"/>
  <testcase name="ValidateMngmntUsersTab" time="25.432" classname="smokeTest.ValidateSmokeTest"/>
  <testcase name="ValidateAccountSettings" classname="smokeTest.ValidateSmokeTest">
    <skipped/>
  </testcase> <!-- ValidateAccountSettings -->
  <testcase name="ValidateDomainLink" classname="smokeTest.ValidateSmokeTest">
    <skipped/>
  </testcase> <!-- ValidateDomainLink -->
  <testcase name="ValidateChangePassword" classname="smokeTest.ValidateSmokeTest">
    <skipped/>
  </testcase> <!-- ValidateChangePassword -->
  <testcase name="ValidateRegPage" classname="smokeTest.ValidateSmokeTest">
    <skipped/>
  </testcase> <!-- ValidateRegPage -->
  <testcase name="ValidateMarkITPlacePage" classname="smokeTest.ValidateSmokeTest">
    <skipped/>
  </testcase> <!-- ValidateMarkITPlacePage -->
  <testcase name="ValidateMyProfile" classname="smokeTest.ValidateSmokeTest">
    <skipped/>
  </testcase> <!-- ValidateMyProfile -->
  <testcase name="ValidateForgetPswd" classname="smokeTest.ValidateSmokeTest">
    <skipped/>
  </testcase> <!-- ValidateForgetPswd -->
  <testcase name="ValidateLogo" classname="smokeTest.ValidateSmokeTest">
    <skipped/>
  </testcase> <!-- ValidateLogo -->
  <testcase name="ValidateCatalogRestriction" classname="smokeTest.ValidateSmokeTest">
    <skipped/>
  </testcase> <!-- ValidateCatalogRestriction -->
  <testcase name="ValidateAddressPage" classname="smokeTest.ValidateSmokeTest">
    <skipped/>
  </testcase> <!-- ValidateAddressPage -->
  <testcase name="ValidateInviteTab" classname="smokeTest.ValidateSmokeTest">
    <skipped/>
  </testcase> <!-- ValidateInviteTab -->
  <testcase name="ValidateRequestTab" classname="smokeTest.ValidateSmokeTest">
    <skipped/>
  </testcase> <!-- ValidateRequestTab -->
  <testcase name="ValidateEditProfile" classname="smokeTest.ValidateSmokeTest">
    <skipped/>
  </testcase> <!-- ValidateEditProfile -->
  <testcase name="ValidateSetNotifications" classname="smokeTest.ValidateSmokeTest">
    <skipped/>
  </testcase> <!-- ValidateSetNotifications -->
  <testcase name="ValidateUsersPage" classname="smokeTest.ValidateSmokeTest">
    <skipped/>
  </testcase> <!-- ValidateUsersPage -->
  <testcase name="ValidateLoginUser" classname="smokeTest.ValidateSmokeTest">
    <skipped/>
  </testcase> <!-- ValidateLoginUser -->
  <testcase name="ValidateManageTab" classname="smokeTest.ValidateSmokeTest">
    <skipped/>
  </testcase> <!-- ValidateManageTab -->
  <testcase name="ValidateInsightTab" classname="smokeTest.ValidateSmokeTest">
    <skipped/>
  </testcase> <!-- ValidateInsightTab -->
  <testcase name="ValidateMyAccountList" classname="smokeTest.ValidateSmokeTest">
    <skipped/>
  </testcase> <!-- ValidateMyAccountList -->
  <testcase name="ValidateNotificationPage" classname="smokeTest.ValidateSmokeTest">
    <skipped/>
  </testcase> <!-- ValidateNotificationPage -->
  <testcase name="ValidateLogout" classname="smokeTest.ValidateSmokeTest">
    <skipped/>
  </testcase> <!-- ValidateLogout -->
</testsuite> <!-- smokeTest.ValidateSmokeTest -->
