<?xml version="1.0" encoding="UTF-8"?>
<!-- Generated by org.testng.reporters.JUnitReportReporter -->
<testsuite skipped="6" hostname="DESKTOP-B75F35K" name="smokeTest.ValidateSmokeTest" tests="65" failures="1" timestamp="14 May 2019 13:45:40 GMT" time="-809.356" errors="0">
  <testcase name="ValidateLogin" time="51.959" classname="smokeTest.ValidateSmokeTest"/>
  <testcase name="ValidateMarkITPlacePage" time="8.859" classname="smokeTest.ValidateSmokeTest"/>
  <testcase name="ValidateDiscoverPage" time="9.550" classname="smokeTest.ValidateSmokeTest"/>
  <testcase name="ValidateApplicationPage" time="22.136" classname="smokeTest.ValidateSmokeTest"/>
  <testcase name="ValidateInfrastructurePage" time="5.220" classname="smokeTest.ValidateSmokeTest"/>
  <testcase name="ValidateManageTab" time="22.253" classname="smokeTest.ValidateSmokeTest"/>
  <testcase name="ValidateInsightTab" time="29.412" classname="smokeTest.ValidateSmokeTest">
    <failure type="java.lang.AssertionError" message="Purchase Analysis Link is not present on the Insights Page expected [true] but found [false]">
      <![CDATA[java.lang.AssertionError: Purchase Analysis Link is not present on the Insights Page expected [true] but found [false]at org.testng.Assert.fail(Assert.java:96)at org.testng.Assert.failNotEquals(Assert.java:776)at org.testng.Assert.assertEqualsImpl(Assert.java:137)at org.testng.Assert.assertEquals(Assert.java:118)at org.testng.Assert.assertEquals(Assert.java:568)at smokeTest.ValidateSmokeTest.ValidateInsightTab(ValidateSmokeTest.java:333)at sun.reflect.NativeMethodAccessorImpl.invoke0(Native Method)at sun.reflect.NativeMethodAccessorImpl.invoke(Unknown Source)at sun.reflect.DelegatingMethodAccessorImpl.invoke(Unknown Source)at java.lang.reflect.Method.invoke(Unknown Source)at org.testng.internal.MethodInvocationHelper.invokeMethod(MethodInvocationHelper.java:124)at org.testng.internal.Invoker.invokeMethod(Invoker.java:571)at org.testng.internal.Invoker.invokeTestMethod(Invoker.java:707)at org.testng.internal.Invoker.invokeTestMethods(Invoker.java:979)at org.testng.internal.TestMethodWorker.invokeTestMethods(TestMethodWorker.java:125)at org.testng.internal.TestMethodWorker.run(TestMethodWorker.java:109)at org.testng.TestRunner.privateRun(TestRunner.java:648)at org.testng.TestRunner.run(TestRunner.java:505)at org.testng.SuiteRunner.runTest(SuiteRunner.java:455)at org.testng.SuiteRunner.runSequentially(SuiteRunner.java:450)at org.testng.SuiteRunner.privateRun(SuiteRunner.java:415)at org.testng.SuiteRunner.run(SuiteRunner.java:364)at org.testng.SuiteRunnerWorker.runSuite(SuiteRunnerWorker.java:52)at org.testng.SuiteRunnerWorker.run(SuiteRunnerWorker.java:84)at org.testng.TestNG.runSuitesSequentially(TestNG.java:1187)at org.testng.TestNG.runSuitesLocally(TestNG.java:1116)at org.testng.TestNG.runSuites(TestNG.java:1028)at org.testng.TestNG.run(TestNG.java:996)at org.testng.remote.AbstractRemoteTestNG.run(AbstractRemoteTestNG.java:114)at org.testng.remote.RemoteTestNG.initAndRun(RemoteTestNG.java:251)at org.testng.remote.RemoteTestNG.main(RemoteTestNG.java:77)]]>
    </failure>
  </testcase> <!-- ValidateInsightTab -->
  <testcase name="ValidateFooterNotificationPage" time="11.376" classname="smokeTest.ValidateSmokeTest"/>
  <testcase name="ValidateLogo" time="8.335" classname="smokeTest.ValidateSmokeTest"/>
  <testcase name="ValidateMyProfile" time="17.705" classname="smokeTest.ValidateSmokeTest"/>
  <testcase name="ValidateEditProfile" time="23.536" classname="smokeTest.ValidateSmokeTest"/>
  <testcase name="ValidateChangePassword" time="16.380" classname="smokeTest.ValidateSmokeTest"/>
  <testcase name="ValidateCatalogRestriction" time="11.787" classname="smokeTest.ValidateSmokeTest"/>
  <testcase name="ValidateDomainLink" time="9.288" classname="smokeTest.ValidateSmokeTest"/>
  <testcase name="ValidateAddressPage" time="29.644" classname="smokeTest.ValidateSmokeTest"/>
  <testcase name="ValidateUsersPage" time="24.786" classname="smokeTest.ValidateSmokeTest"/>
  <testcase name="ValidateRequestTab" time="2.331" classname="smokeTest.ValidateSmokeTest"/>
  <testcase name="ValidateInviteTab" time="2.212" classname="smokeTest.ValidateSmokeTest"/>
  <testcase name="ValidateSearching" time="5.798" classname="smokeTest.ValidateSmokeTest"/>
  <testcase name="ValidateLogout" time="5.617" classname="smokeTest.ValidateSmokeTest"/>
  <testcase name="ValidateManagementFPswd" time="9.917" classname="smokeTest.ValidateSmokeTest"/>
  <testcase name="ValidateManagementLogin" time="35.158" classname="smokeTest.ValidateSmokeTest"/>
  <testcase name="ValidateMngmntSETUPTab" time="23.878" classname="smokeTest.ValidateSmokeTest"/>
  <testcase name="ValidateUserHover" time="11.610" classname="smokeTest.ValidateSmokeTest"/>
  <testcase name="ValidateAddNewRole" time="-1462.391" classname="smokeTest.ValidateSmokeTest"/>
  <testcase name="ValidateEditRole" time="4.516" classname="smokeTest.ValidateSmokeTest"/>
  <testcase name="ValidateCreateUser" time="74.101" classname="smokeTest.ValidateSmokeTest"/>
  <testcase name="ValidateAccountsPage" time="19.850" classname="smokeTest.ValidateSmokeTest"/>
  <testcase name="ValidateSelectFields" time="0.223" classname="smokeTest.ValidateSmokeTest"/>
  <testcase name="ValidateExportBtn" time="0.231" classname="smokeTest.ValidateSmokeTest"/>
  <testcase name="ValidateSubscription" time="4.342" classname="smokeTest.ValidateSmokeTest"/>
  <testcase name="ValidateSubsSelectFields" time="0.200" classname="smokeTest.ValidateSmokeTest"/>
  <testcase name="ValidateSubsExport" time="0.206" classname="smokeTest.ValidateSmokeTest"/>
  <testcase name="ValidateEditSubs" time="0.418" classname="smokeTest.ValidateSmokeTest"/>
  <testcase name="ValidateAssumeRole" time="17.302" classname="smokeTest.ValidateSmokeTest"/>
  <testcase name="ValidateFooterSubscription" time="3.688" classname="smokeTest.ValidateSmokeTest"/>
  <testcase name="ValidateFooterAccount" time="3.496" classname="smokeTest.ValidateSmokeTest"/>
  <testcase name="ValidateEditAccount" time="23.084" classname="smokeTest.ValidateSmokeTest"/>
  <testcase name="ValidateEditSave" time="8.553" classname="smokeTest.ValidateSmokeTest"/>
  <testcase name="ValidateFooterLogo" time="1.240" classname="smokeTest.ValidateSmokeTest"/>
  <testcase name="ValidateCategories" time="4.427" classname="smokeTest.ValidateSmokeTest"/>
  <testcase name="ValidateSyncBtn" time="0.707" classname="smokeTest.ValidateSmokeTest"/>
  <testcase name="ValidateCategoryExport" time="10.426" classname="smokeTest.ValidateSmokeTest"/>
  <testcase name="ValidateSelectFieldCateg" time="0.183" classname="smokeTest.ValidateSmokeTest"/>
  <testcase name="ValidateEditCategory" time="10.506" classname="smokeTest.ValidateSmokeTest"/>
  <testcase name="ValidateDomainsPage" time="5.014" classname="smokeTest.ValidateSmokeTest"/>
  <testcase name="ValidateDomainExport" time="0.174" classname="smokeTest.ValidateSmokeTest"/>
  <testcase name="ValidateRequestPage" time="6.049" classname="smokeTest.ValidateSmokeTest"/>
  <testcase name="ValidateRequestExport" time="0.167" classname="smokeTest.ValidateSmokeTest"/>
  <testcase name="ValidateNotifications" time="3.096" classname="smokeTest.ValidateSmokeTest"/>
  <testcase name="NotificationExport" time="5.235" classname="smokeTest.ValidateSmokeTest"/>
  <testcase name="ValidateSendNotifications" time="13.354" classname="smokeTest.ValidateSmokeTest"/>
  <testcase name="ValidateProviderPage" time="1.474" classname="smokeTest.ValidateSmokeTest"/>
  <testcase name="ValidateProviderExport" time="5.211" classname="smokeTest.ValidateSmokeTest"/>
  <testcase name="ValidateEditProvider" time="6.680" classname="smokeTest.ValidateSmokeTest"/>
  <testcase name="ValidateAddProvider" time="2.834" classname="smokeTest.ValidateSmokeTest"/>
  <testcase name="ValidateServicesPage" time="1.687" classname="smokeTest.ValidateSmokeTest"/>
  <testcase name="ValidateServiceExport" time="5.251" classname="smokeTest.ValidateSmokeTest"/>
  <testcase name="ValidateEditService" time="10.363" classname="smokeTest.ValidateSmokeTest"/>
  <testcase name="ValidateAccountSettings" classname="smokeTest.ValidateSmokeTest">
    <skipped/>
  </testcase> <!-- ValidateAccountSettings -->
  <testcase name="ValidateSetNotifications" classname="smokeTest.ValidateSmokeTest">
    <skipped/>
  </testcase> <!-- ValidateSetNotifications -->
  <testcase name="ValidateLoginUser" classname="smokeTest.ValidateSmokeTest">
    <skipped/>
  </testcase> <!-- ValidateLoginUser -->
  <testcase name="ValidateRegPage" classname="smokeTest.ValidateSmokeTest">
    <skipped/>
  </testcase> <!-- ValidateRegPage -->
  <testcase name="ValidateForgetPswd" classname="smokeTest.ValidateSmokeTest">
    <skipped/>
  </testcase> <!-- ValidateForgetPswd -->
  <testcase name="ValidateMyAccountList" classname="smokeTest.ValidateSmokeTest">
    <skipped/>
  </testcase> <!-- ValidateMyAccountList -->
</testsuite> <!-- smokeTest.ValidateSmokeTest -->
