<?xml version="1.0" encoding="UTF-8"?>
<!-- Generated by org.testng.reporters.JUnitReportReporter -->
<testsuite skipped="0" hostname="DESKTOP-B75F35K" name="smokeTest.ValidateSmokeTest" tests="9" failures="0" timestamp="29 Oct 2018 09:09:48 GMT" time="106.534" errors="0">
  <testcase name="ValidateLogin" time="52.818" classname="smokeTest.ValidateSmokeTest"/>
  <testcase name="ValidateMarkITPlacePage" time="1.461" classname="smokeTest.ValidateSmokeTest"/>
  <testcase name="ValidateManageTab" time="9.047" classname="smokeTest.ValidateSmokeTest"/>
  <testcase name="ValidateInsightTab" time="10.830" classname="smokeTest.ValidateSmokeTest"/>
  <testcase name="ValidateNotificationPage" time="11.094" classname="smokeTest.ValidateSmokeTest"/>
  <testcase name="ValidateLogo" time="1.601" classname="smokeTest.ValidateSmokeTest"/>
  <testcase name="ValidateLogout" time="0.941" classname="smokeTest.ValidateSmokeTest"/>
  <testcase name="ValidateForgetPswd" time="6.414" classname="smokeTest.ValidateSmokeTest"/>
  <testcase name="ValidateRegPage" time="12.328" classname="smokeTest.ValidateSmokeTest"/>
</testsuite> <!-- smokeTest.ValidateSmokeTest -->
