<?xml version="1.0" encoding="UTF-8"?>
<!-- Generated by org.testng.reporters.JUnitReportReporter -->
<testsuite skipped="6" hostname="DESKTOP-B75F35K" name="smokeTest.ValidateSmokeTest" tests="65" failures="2" timestamp="29 May 2019 05:00:43 GMT" time="599.864" errors="0">
  <testcase name="ValidateLogin" time="42.155" classname="smokeTest.ValidateSmokeTest"/>
  <testcase name="ValidateMarkITPlacePage" time="9.861" classname="smokeTest.ValidateSmokeTest"/>
  <testcase name="ValidateDiscoverPage" time="9.826" classname="smokeTest.ValidateSmokeTest"/>
  <testcase name="ValidateApplicationPage" time="8.227" classname="smokeTest.ValidateSmokeTest"/>
  <testcase name="ValidateInfrastructurePage" time="4.143" classname="smokeTest.ValidateSmokeTest"/>
  <testcase name="ValidateManageTab" time="6.729" classname="smokeTest.ValidateSmokeTest"/>
  <testcase name="ValidateInsightTab" time="9.934" classname="smokeTest.ValidateSmokeTest"/>
  <testcase name="ValidateFooterNotificationPage" time="9.227" classname="smokeTest.ValidateSmokeTest"/>
  <testcase name="ValidateLogo" time="8.269" classname="smokeTest.ValidateSmokeTest"/>
  <testcase name="ValidateMyProfile" time="11.574" classname="smokeTest.ValidateSmokeTest"/>
  <testcase name="ValidateEditProfile" time="9.072" classname="smokeTest.ValidateSmokeTest"/>
  <testcase name="ValidateChangePassword" time="11.198" classname="smokeTest.ValidateSmokeTest"/>
  <testcase name="ValidateCatalogRestriction" time="10.075" classname="smokeTest.ValidateSmokeTest"/>
  <testcase name="ValidateDomainLink" time="7.948" classname="smokeTest.ValidateSmokeTest"/>
  <testcase name="ValidateAddressPage" time="22.763" classname="smokeTest.ValidateSmokeTest"/>
  <testcase name="ValidateUsersPage" time="19.561" classname="smokeTest.ValidateSmokeTest"/>
  <testcase name="ValidateRequestTab" time="2.245" classname="smokeTest.ValidateSmokeTest"/>
  <testcase name="ValidateInviteTab" time="2.268" classname="smokeTest.ValidateSmokeTest"/>
  <testcase name="ValidateSearching" time="5.833" classname="smokeTest.ValidateSmokeTest"/>
  <testcase name="ValidateLogout" time="5.771" classname="smokeTest.ValidateSmokeTest"/>
  <testcase name="ValidateManagementFPswd" time="3.081" classname="smokeTest.ValidateSmokeTest"/>
  <testcase name="ValidateManagementLogin" time="21.877" classname="smokeTest.ValidateSmokeTest"/>
  <testcase name="ValidateMngmntSETUPTab" time="9.681" classname="smokeTest.ValidateSmokeTest"/>
  <testcase name="ValidateUserHover" time="3.750" classname="smokeTest.ValidateSmokeTest"/>
  <testcase name="ValidateAddNewRole" time="4.262" classname="smokeTest.ValidateSmokeTest"/>
  <testcase name="ValidateEditRole" time="2.054" classname="smokeTest.ValidateSmokeTest"/>
  <testcase name="ValidateCreateUser" time="5.410" classname="smokeTest.ValidateSmokeTest"/>
  <testcase name="ValidateAccountsPage" time="40.533" classname="smokeTest.ValidateSmokeTest"/>
  <testcase name="ValidateSelectFields" time="0.312" classname="smokeTest.ValidateSmokeTest"/>
  <testcase name="ValidateExportBtn" time="0.254" classname="smokeTest.ValidateSmokeTest"/>
  <testcase name="ValidateSubscription" time="10.033" classname="smokeTest.ValidateSmokeTest"/>
  <testcase name="ValidateSubsSelectFields" time="0.231" classname="smokeTest.ValidateSmokeTest"/>
  <testcase name="ValidateSubsExport" time="0.223" classname="smokeTest.ValidateSmokeTest"/>
  <testcase name="ValidateEditSubs" time="0.544" classname="smokeTest.ValidateSmokeTest"/>
  <testcase name="ValidateAssumeRole" time="31.209" classname="smokeTest.ValidateSmokeTest"/>
  <testcase name="ValidateFooterSubscription" time="9.582" classname="smokeTest.ValidateSmokeTest"/>
  <testcase name="ValidateFooterAccount" time="16.166" classname="smokeTest.ValidateSmokeTest"/>
  <testcase name="ValidateEditAccount" time="30.107" classname="smokeTest.ValidateSmokeTest"/>
  <testcase name="ValidateEditSave" time="21.558" classname="smokeTest.ValidateSmokeTest"/>
  <testcase name="ValidateFooterLogo" time="2.154" classname="smokeTest.ValidateSmokeTest"/>
  <testcase name="ValidateCategories" time="11.587" classname="smokeTest.ValidateSmokeTest"/>
  <testcase name="ValidateSyncCategories" time="0.927" classname="smokeTest.ValidateSmokeTest"/>
  <testcase name="ValidateCategoryExport" time="10.391" classname="smokeTest.ValidateSmokeTest"/>
  <testcase name="ValidateSelectFieldCateg" time="0.226" classname="smokeTest.ValidateSmokeTest"/>
  <testcase name="ValidateEditCategory" time="10.664" classname="smokeTest.ValidateSmokeTest"/>
  <testcase name="ValidateDomainsPage" time="26.688" classname="smokeTest.ValidateSmokeTest"/>
  <testcase name="ValidateDomainExport" time="0.206" classname="smokeTest.ValidateSmokeTest"/>
  <testcase name="ValidateRequestPage" time="20.156" classname="smokeTest.ValidateSmokeTest"/>
  <testcase name="ValidateRequestExport" time="0.187" classname="smokeTest.ValidateSmokeTest"/>
  <testcase name="ValidateNotifications" time="21.410" classname="smokeTest.ValidateSmokeTest"/>
  <testcase name="NotificationExport" time="5.276" classname="smokeTest.ValidateSmokeTest"/>
  <testcase name="ValidateSendNotifications" time="13.818" classname="smokeTest.ValidateSmokeTest"/>
  <testcase name="ValidateProviderPage" time="1.812" classname="smokeTest.ValidateSmokeTest"/>
  <testcase name="ValidateProviderExport" time="5.277" classname="smokeTest.ValidateSmokeTest"/>
  <testcase name="ValidateEditProvider" time="3.109" classname="smokeTest.ValidateSmokeTest">
    <failure type="java.lang.AssertionError" message="When clicking on edit provider link from dropdown on provider page then user is not nevigating to edit provider page expected [Edit Provider - CCP] but found [404 Not Found - CCP]">
      <![CDATA[java.lang.AssertionError: When clicking on edit provider link from dropdown on provider page then user is not nevigating to edit provider page expected [Edit Provider - CCP] but found [404 Not Found - CCP]at org.testng.Assert.fail(Assert.java:96)at org.testng.Assert.failNotEquals(Assert.java:776)at org.testng.Assert.assertEqualsImpl(Assert.java:137)at org.testng.Assert.assertEquals(Assert.java:118)at org.testng.Assert.assertEquals(Assert.java:453)at smokeTest.ValidateSmokeTest.ValidateEditProvider(ValidateSmokeTest.java:2875)at sun.reflect.NativeMethodAccessorImpl.invoke0(Native Method)at sun.reflect.NativeMethodAccessorImpl.invoke(Unknown Source)at sun.reflect.DelegatingMethodAccessorImpl.invoke(Unknown Source)at java.lang.reflect.Method.invoke(Unknown Source)at org.testng.internal.MethodInvocationHelper.invokeMethod(MethodInvocationHelper.java:124)at org.testng.internal.Invoker.invokeMethod(Invoker.java:571)at org.testng.internal.Invoker.invokeTestMethod(Invoker.java:707)at org.testng.internal.Invoker.invokeTestMethods(Invoker.java:979)at org.testng.internal.TestMethodWorker.invokeTestMethods(TestMethodWorker.java:125)at org.testng.internal.TestMethodWorker.run(TestMethodWorker.java:109)at org.testng.TestRunner.privateRun(TestRunner.java:648)at org.testng.TestRunner.run(TestRunner.java:505)at org.testng.SuiteRunner.runTest(SuiteRunner.java:455)at org.testng.SuiteRunner.runSequentially(SuiteRunner.java:450)at org.testng.SuiteRunner.privateRun(SuiteRunner.java:415)at org.testng.SuiteRunner.run(SuiteRunner.java:364)at org.testng.SuiteRunnerWorker.runSuite(SuiteRunnerWorker.java:52)at org.testng.SuiteRunnerWorker.run(SuiteRunnerWorker.java:84)at org.testng.TestNG.runSuitesSequentially(TestNG.java:1187)at org.testng.TestNG.runSuitesLocally(TestNG.java:1116)at org.testng.TestNG.runSuites(TestNG.java:1028)at org.testng.TestNG.run(TestNG.java:996)at org.testng.remote.AbstractRemoteTestNG.run(AbstractRemoteTestNG.java:114)at org.testng.remote.RemoteTestNG.initAndRun(RemoteTestNG.java:251)at org.testng.remote.RemoteTestNG.main(RemoteTestNG.java:77)]]>
    </failure>
  </testcase> <!-- ValidateEditProvider -->
  <testcase name="ValidateAddProvider" time="22.120" classname="smokeTest.ValidateSmokeTest">
    <failure type="java.lang.AssertionError" message="Add provider button is not present on the provider page expected [true] but found [false]">
      <![CDATA[java.lang.AssertionError: Add provider button is not present on the provider page expected [true] but found [false]at org.testng.Assert.fail(Assert.java:96)at org.testng.Assert.failNotEquals(Assert.java:776)at org.testng.Assert.assertEqualsImpl(Assert.java:137)at org.testng.Assert.assertEquals(Assert.java:118)at org.testng.Assert.assertEquals(Assert.java:568)at smokeTest.ValidateSmokeTest.ValidateAddProvider(ValidateSmokeTest.java:2905)at sun.reflect.NativeMethodAccessorImpl.invoke0(Native Method)at sun.reflect.NativeMethodAccessorImpl.invoke(Unknown Source)at sun.reflect.DelegatingMethodAccessorImpl.invoke(Unknown Source)at java.lang.reflect.Method.invoke(Unknown Source)at org.testng.internal.MethodInvocationHelper.invokeMethod(MethodInvocationHelper.java:124)at org.testng.internal.Invoker.invokeMethod(Invoker.java:571)at org.testng.internal.Invoker.invokeTestMethod(Invoker.java:707)at org.testng.internal.Invoker.invokeTestMethods(Invoker.java:979)at org.testng.internal.TestMethodWorker.invokeTestMethods(TestMethodWorker.java:125)at org.testng.internal.TestMethodWorker.run(TestMethodWorker.java:109)at org.testng.TestRunner.privateRun(TestRunner.java:648)at org.testng.TestRunner.run(TestRunner.java:505)at org.testng.SuiteRunner.runTest(SuiteRunner.java:455)at org.testng.SuiteRunner.runSequentially(SuiteRunner.java:450)at org.testng.SuiteRunner.privateRun(SuiteRunner.java:415)at org.testng.SuiteRunner.run(SuiteRunner.java:364)at org.testng.SuiteRunnerWorker.runSuite(SuiteRunnerWorker.java:52)at org.testng.SuiteRunnerWorker.run(SuiteRunnerWorker.java:84)at org.testng.TestNG.runSuitesSequentially(TestNG.java:1187)at org.testng.TestNG.runSuitesLocally(TestNG.java:1116)at org.testng.TestNG.runSuites(TestNG.java:1028)at org.testng.TestNG.run(TestNG.java:996)at org.testng.remote.AbstractRemoteTestNG.run(AbstractRemoteTestNG.java:114)at org.testng.remote.RemoteTestNG.initAndRun(RemoteTestNG.java:251)at org.testng.remote.RemoteTestNG.main(RemoteTestNG.java:77)]]>
    </failure>
  </testcase> <!-- ValidateAddProvider -->
  <testcase name="ValidateServicesPage" time="2.108" classname="smokeTest.ValidateSmokeTest"/>
  <testcase name="ValidateServiceExport" time="5.525" classname="smokeTest.ValidateSmokeTest"/>
  <testcase name="ValidateEditService" time="8.677" classname="smokeTest.ValidateSmokeTest"/>
  <testcase name="ValidateAccountSettings" classname="smokeTest.ValidateSmokeTest">
    <skipped/>
  </testcase> <!-- ValidateAccountSettings -->
  <testcase name="ValidateSetNotifications" classname="smokeTest.ValidateSmokeTest">
    <skipped/>
  </testcase> <!-- ValidateSetNotifications -->
  <testcase name="ValidateLoginUser" classname="smokeTest.ValidateSmokeTest">
    <skipped/>
  </testcase> <!-- ValidateLoginUser -->
  <testcase name="ValidateRegPage" classname="smokeTest.ValidateSmokeTest">
    <skipped/>
  </testcase> <!-- ValidateRegPage -->
  <testcase name="ValidateForgetPswd" classname="smokeTest.ValidateSmokeTest">
    <skipped/>
  </testcase> <!-- ValidateForgetPswd -->
  <testcase name="ValidateMyAccountList" classname="smokeTest.ValidateSmokeTest">
    <skipped/>
  </testcase> <!-- ValidateMyAccountList -->
</testsuite> <!-- smokeTest.ValidateSmokeTest -->
