<?xml version="1.0" encoding="UTF-8"?>
<!-- Generated by org.testng.reporters.JUnitReportReporter -->
<testsuite skipped="4" hostname="DESKTOP-B75F35K" name="smokeTest.ValidateSmokeTest" tests="24" failures="0" timestamp="06 Dec 2018 08:44:59 GMT" time="-1083.486" errors="0">
  <testcase name="ValidateLogin" time="50.749" classname="smokeTest.ValidateSmokeTest"/>
  <testcase name="ValidateMarkITPlacePage" time="3.522" classname="smokeTest.ValidateSmokeTest"/>
  <testcase name="ValidateManageTab" time="18.102" classname="smokeTest.ValidateSmokeTest"/>
  <testcase name="ValidateInsightTab" time="5.314" classname="smokeTest.ValidateSmokeTest"/>
  <testcase name="ValidateNotificationPage" time="22.215" classname="smokeTest.ValidateSmokeTest"/>
  <testcase name="ValidateLogo" time="3.264" classname="smokeTest.ValidateSmokeTest"/>
  <testcase name="ValidateMyProfile" time="29.022" classname="smokeTest.ValidateSmokeTest"/>
  <testcase name="ValidateEditProfile" time="-1422.278" classname="smokeTest.ValidateSmokeTest"/>
  <testcase name="ValidateChangePassword" time="20.863" classname="smokeTest.ValidateSmokeTest"/>
  <testcase name="ValidateCatalogRestriction" time="11.215" classname="smokeTest.ValidateSmokeTest"/>
  <testcase name="ValidateDomainLink" time="13.297" classname="smokeTest.ValidateSmokeTest"/>
  <testcase name="ValidateAddressPage" time="22.963" classname="smokeTest.ValidateSmokeTest"/>
  <testcase name="ValidateUsersPage" time="24.039" classname="smokeTest.ValidateSmokeTest"/>
  <testcase name="ValidateRequestTab" time="2.221" classname="smokeTest.ValidateSmokeTest"/>
  <testcase name="ValidateInviteTab" time="2.219" classname="smokeTest.ValidateSmokeTest"/>
  <testcase name="ValidateLogout" time="5.094" classname="smokeTest.ValidateSmokeTest"/>
  <testcase name="ValidateForgetPswd" time="9.417" classname="smokeTest.ValidateSmokeTest"/>
  <testcase name="ValidateRegPage" time="20.680" classname="smokeTest.ValidateSmokeTest"/>
  <testcase name="ValidateManagementLogin" time="43.235" classname="smokeTest.ValidateSmokeTest"/>
  <testcase name="ValidateMngmntUsersTab" time="31.361" classname="smokeTest.ValidateSmokeTest"/>
  <testcase name="ValidateAccountSettings" classname="smokeTest.ValidateSmokeTest">
    <skipped/>
  </testcase> <!-- ValidateAccountSettings -->
  <testcase name="ValidateSetNotifications" classname="smokeTest.ValidateSmokeTest">
    <skipped/>
  </testcase> <!-- ValidateSetNotifications -->
  <testcase name="ValidateLoginUser" classname="smokeTest.ValidateSmokeTest">
    <skipped/>
  </testcase> <!-- ValidateLoginUser -->
  <testcase name="ValidateMyAccountList" classname="smokeTest.ValidateSmokeTest">
    <skipped/>
  </testcase> <!-- ValidateMyAccountList -->
</testsuite> <!-- smokeTest.ValidateSmokeTest -->
